#
# A fatal error has been detected by the Java Runtime Environment:
#
#  SIGSEGV (0xb) at pc=0x00007fe78cadfd34, pid=20072, tid=140631049250560
#
# JRE version: Java(TM) SE Runtime Environment (8.0_66-b17) (build 1.8.0_66-b17)
# Java VM: Java HotSpot(TM) 64-Bit Server VM (25.66-b17 mixed mode linux-amd64 compressed oops)
# Problematic frame:
# C  [libjnetpcap.so+0x19d34]  scan_http(scan_t*)+0xc
#
# Failed to write core dump. Core dumps have been disabled. To enable core dumping, try "ulimit -c unlimited" before starting Java again
#
# If you would like to submit a bug report, please visit:
#   http://bugreport.java.com/bugreport/crash.jsp
# The crash happened outside the Java Virtual Machine in native code.
# See problematic frame for where to report the bug.
#

---------------  T H R E A D  ---------------

Current thread (0x00007fe7482bc000):  JavaThread "pool-1-thread-1" [_thread_in_native, id=20153, stack(0x00007fe737ac2000,0x00007fe737bc3000)]

siginfo: si_signo: 11 (SIGSEGV), si_code: 1 (SEGV_MAPERR), si_addr: 0x0000000000000038

Registers:
RAX=0x0000000000000000, RBX=0x00007fe78ce45c88, RCX=0x0000000000000398, RDX=0x0000000000000042
RSP=0x00007fe737bc0a20, RBP=0x00007fe737bc0a20, RSI=0x00007fe737bc0ae8, RDI=0x0000000000000000
R8 =0x00007fe79ff76c00, R9 =0x00000000859f40f0, R10=0x0000000000000614, R11=0x00007fe7b540f568
R12=0x0000000000000000, R13=0x00007fe78ce45c88, R14=0x00007fe737bc0af0, R15=0x00007fe7482bc000
RIP=0x00007fe78cadfd34, EFLAGS=0x0000000000010206, CSGSFS=0x0000000000000033, ERR=0x0000000000000004
  TRAPNO=0x000000000000000e

Top of Stack: (sp=0x00007fe737bc0a20)
0x00007fe737bc0a20:   00007fe737bc0a60 00007fe78cae2c62
0x00007fe737bc0a30:   01007fe78ce46828 00007fe737bc0ae8
0x00007fe737bc0a40:   00007fe737bc0af0 00007fe7482bc1f8
0x00007fe737bc0a50:   0000000000000000 00007fe78cadfd28
0x00007fe737bc0a60:   00007fe737bc0ac8 00007fe79ff79794
0x00007fe737bc0a70:   00007fe737bc0a70 00007fe78ce45de5
0x00007fe737bc0a80:   00007fe737bc0ae0 00007fe737bc0a88
0x00007fe737bc0a90:   0000000000000000 00007fe737bc0af0
0x00007fe737bc0aa0:   00007fe78ce46828 0000000000000000
0x00007fe737bc0ab0:   00007fe78ce45c88 0000000000000000
0x00007fe737bc0ac0:   00007fe737bc0ae8 00007fe737bc0b38
0x00007fe737bc0ad0:   00007fe79ff6dc4d 0000000000000000
0x00007fe737bc0ae0:   00007fe79ff75578 00000000859f40f0
0x00007fe737bc0af0:   00000000859f3ea0 00007fe737bc0af8
0x00007fe737bc0b00:   00007fe78ce45ea3 00007fe737bc0b68
0x00007fe737bc0b10:   00007fe78ce46828 0000000000000000
0x00007fe737bc0b20:   00007fe78ce45ef8 00007fe737bc0ae8
0x00007fe737bc0b30:   00007fe737bc0b60 00007fe737bc0bd0
0x00007fe737bc0b40:   00007fe79ff667a7 0000000000000000
0x00007fe737bc0b50:   0000000000000000 0000000000000000
0x00007fe737bc0b60:   00000000859f40f0 00000000859f3ea0
0x00007fe737bc0b70:   0000000000001fa0 00007fe7482bb558
0x00007fe737bc0b80:   00007fe7482bc000 00007fe737bc0c50
0x00007fe737bc0b90:   00000000859f3ea0 00007fe737bc0c10
0x00007fe737bc0ba0:   00007fe737bc0c10 00007fe737bc0f68
0x00007fe737bc0bb0:   000000000000000a 00007fe78ce45ef8
0x00007fe737bc0bc0:   00007fe79ff76c00 00007fe737bc0db8
0x00007fe737bc0bd0:   00007fe737bc0d40 00007fe7b4aebc46
0x00007fe737bc0be0:   00007fe700000002 00007fe7482bc000
0x00007fe737bc0bf0:   00007fe737bc0db0 00007fe737bc0f60
0x00007fe737bc0c00:   00007fe79ff76c00 000000000000000a
0x00007fe737bc0c10:   00007fe7482bc000 00007fe72c000a30 

Instructions: (pc=0x00007fe78cadfd34)
0x00007fe78cadfd14:   50 40 48 8b 45 f8 8b 40 4c 29 c2 48 8b 45 f8 89
0x00007fe78cadfd24:   50 50 c9 c3 55 48 89 e5 48 89 7d b8 48 8b 45 b8
0x00007fe78cadfd34:   48 8b 50 38 48 8b 45 b8 8b 40 4c 48 98 48 01 c2
0x00007fe78cadfd44:   48 89 55 b0 48 8b 45 b8 48 8b 40 28 48 89 45 f0 

Register to memory mapping:

RAX=0x0000000000000000 is an unknown value
RBX={method} {0x00007fe78ce45c88} 'nativeScan' '(Lorg/jnetpcap/packet/JScan;)V' in 'org/jnetpcap/packet/JHeaderScanner'
RCX=0x0000000000000398 is an unknown value
RDX=0x0000000000000042 is an unknown value
RSP=0x00007fe737bc0a20 is pointing into the stack for thread: 0x00007fe7482bc000
RBP=0x00007fe737bc0a20 is pointing into the stack for thread: 0x00007fe7482bc000
RSI=0x00007fe737bc0ae8 is pointing into the stack for thread: 0x00007fe7482bc000
RDI=0x0000000000000000 is an unknown value
R8 =0x00007fe79ff76c00 is at code_begin+0 in an Interpreter codelet
method entry point (kind = zerolocals)  [0x00007fe79ff76c00, 0x00007fe79ff77080]  1152 bytes
R9 =0x00000000859f40f0 is an oop
org.jnetpcap.packet.JScan 
 - klass: 'org/jnetpcap/packet/JScan'
R10=0x0000000000000614 is an unknown value
R11=0x00007fe7b540f568: <offset 0xfaf568> in /usr/lib/jvm/jdk1.8.0_66/jre/lib/amd64/server/libjvm.so at 0x00007fe7b4460000
R12=0x0000000000000000 is an unknown value
R13={method} {0x00007fe78ce45c88} 'nativeScan' '(Lorg/jnetpcap/packet/JScan;)V' in 'org/jnetpcap/packet/JHeaderScanner'
R14=0x00007fe737bc0af0 is pointing into the stack for thread: 0x00007fe7482bc000
R15=0x00007fe7482bc000 is a thread


Stack: [0x00007fe737ac2000,0x00007fe737bc3000],  sp=0x00007fe737bc0a20,  free space=1018k
Native frames: (J=compiled Java code, j=interpreted, Vv=VM code, C=native code)
C  [libjnetpcap.so+0x19d34]  scan_http(scan_t*)+0xc
C  [libjnetpcap.so+0x1cc62]  Java_org_jnetpcap_packet_JHeaderScanner_nativeScan+0x4e
j  org.jnetpcap.packet.JHeaderScanner.nativeScan(Lorg/jnetpcap/packet/JScan;)V+0
j  org.jnetpcap.packet.JHeaderScanner.scanHeader(Lorg/jnetpcap/packet/JScan;)V+27
v  ~StubRoutines::call_stub
V  [libjvm.so+0x68bc46]  JavaCalls::call_helper(JavaValue*, methodHandle*, JavaCallArguments*, Thread*)+0x1056
V  [libjvm.so+0x6cdeeb]  jni_invoke_nonstatic(JNIEnv_*, JavaValue*, _jobject*, JNICallType, _jmethodID*, JNI_ArgumentPusher*, Thread*)+0x40b
V  [libjvm.so+0x6d22bf]  jni_CallVoidMethodV+0x10f
C  [libjnetpcap.so+0x16111]  JNIEnv_::CallVoidMethod(_jobject*, _jmethodID*, ...)+0xfb
C  [libjnetpcap.so+0x19148]  callJavaHeaderScanner(scan_t*)+0xb1
C  [libjnetpcap.so+0x192c1]  scan(JNIEnv_*, _jobject*, _jobject*, scanner_t*, packet_state_t*, int, char*, int, unsigned int)+0x177
C  [libjnetpcap.so+0x195f3]  scanJPacket(JNIEnv_*, _jobject*, _jobject*, _jobject*, scanner_t*, int, char*, int, unsigned int)+0x13f
C  [libjnetpcap.so+0x19735]  Java_org_jnetpcap_packet_JScanner_scan+0xee
C  [libjnetpcap.so+0x1566a]  cb_pcap_packet_dispatch+0xc2
C  [libpcap.so.0.8+0x59ba]

Java frames: (J=compiled Java code, j=interpreted, Vv=VM code)
j  org.jnetpcap.packet.JHeaderScanner.nativeScan(Lorg/jnetpcap/packet/JScan;)V+0
j  org.jnetpcap.packet.JHeaderScanner.scanHeader(Lorg/jnetpcap/packet/JScan;)V+27
v  ~StubRoutines::call_stub
j  org.jnetpcap.Pcap.loop(IILorg/jnetpcap/packet/PcapPacketHandler;Ljava/lang/Object;Lorg/jnetpcap/packet/JPacket;Lorg/jnetpcap/packet/JPacket$State;Lorg/jnetpcap/PcapHeader;Lorg/jnetpcap/packet/JScanner;)I+0
j  org.jnetpcap.Pcap.loop(ILorg/jnetpcap/packet/PcapPacketHandler;Ljava/lang/Object;)I+35
j  com.jubaka.sors.desktop.sessions.CaptureThread.run()V+94
j  java.util.concurrent.Executors$RunnableAdapter.call()Ljava/lang/Object;+4
j  java.util.concurrent.FutureTask.run()V+42
j  java.util.concurrent.ThreadPoolExecutor.runWorker(Ljava/util/concurrent/ThreadPoolExecutor$Worker;)V+95
j  java.util.concurrent.ThreadPoolExecutor$Worker.run()V+5
j  java.lang.Thread.run()V+11
v  ~StubRoutines::call_stub

---------------  P R O C E S S  ---------------

Java Threads: ( => current thread )
  0x00007fe748306000 JavaThread "pool-1-thread-2" [_thread_in_native, id=23329, stack(0x00007fe736763000,0x00007fe736864000)]
  0x00007fe72c005800 JavaThread "pool-2-thread-1" [_thread_blocked, id=20155, stack(0x00007fe7377c1000,0x00007fe7378c2000)]
=>0x00007fe7482bc000 JavaThread "pool-1-thread-1" [_thread_in_native, id=20153, stack(0x00007fe737ac2000,0x00007fe737bc3000)]
  0x00007fe7482a1800 JavaThread "Timer-2" [_thread_blocked, id=20129, stack(0x00007fe737eff000,0x00007fe738000000)]
  0x00007fe7482a0000 JavaThread "Timer-1" [_thread_blocked, id=20128, stack(0x00007fe78c081000,0x00007fe78c182000)]
  0x00007fe74817c800 JavaThread "DisposableGC" daemon [_thread_blocked, id=20127, stack(0x00007fe78c382000,0x00007fe78c483000)]
  0x00007fe748229800 JavaThread "Timer-0" [_thread_blocked, id=20126, stack(0x00007fe78c483000,0x00007fe78c584000)]
  0x00007fe748223000 JavaThread "TimerQueue" daemon [_thread_blocked, id=20124, stack(0x00007fe78d789000,0x00007fe78d88a000)]
  0x00007fe7b000b000 JavaThread "DestroyJavaVM" [_thread_blocked, id=20074, stack(0x00007fe7b5f35000,0x00007fe7b6036000)]
  0x00007fe7b0310800 JavaThread "AWT-EventQueue-0" [_thread_blocked, id=20098, stack(0x00007fe78da8a000,0x00007fe78db8b000)]
  0x00007fe7b030f000 JavaThread "AWT-Shutdown" [_thread_blocked, id=20097, stack(0x00007fe78db8b000,0x00007fe78dc8c000)]
  0x00007fe7b030a800 JavaThread "AWT-XAWT" daemon [_thread_in_native, id=20096, stack(0x00007fe78dc8c000,0x00007fe78dd8d000)]
  0x00007fe7b02eb800 JavaThread "Java2D Disposer" daemon [_thread_blocked, id=20095, stack(0x00007fe78e19d000,0x00007fe78e29e000)]
  0x00007fe7b0226800 JavaThread "Monitor Ctrl-Break" daemon [_thread_in_native, id=20094, stack(0x00007fe79c0a0000,0x00007fe79c1a1000)]
  0x00007fe7b00c4000 JavaThread "Service Thread" daemon [_thread_blocked, id=20092, stack(0x00007fe79c3c2000,0x00007fe79c4c3000)]
  0x00007fe7b00bf000 JavaThread "C1 CompilerThread2" daemon [_thread_blocked, id=20091, stack(0x00007fe79c4c3000,0x00007fe79c5c4000)]
  0x00007fe7b00bd800 JavaThread "C2 CompilerThread1" daemon [_thread_blocked, id=20090, stack(0x00007fe79c5c4000,0x00007fe79c6c5000)]
  0x00007fe7b00ba800 JavaThread "C2 CompilerThread0" daemon [_thread_blocked, id=20089, stack(0x00007fe79c6c5000,0x00007fe79c7c6000)]
  0x00007fe7b00b9000 JavaThread "Signal Dispatcher" daemon [_thread_blocked, id=20088, stack(0x00007fe79c7c6000,0x00007fe79c8c7000)]
  0x00007fe7b0080000 JavaThread "Finalizer" daemon [_thread_blocked, id=20086, stack(0x00007fe79d187000,0x00007fe79d288000)]
  0x00007fe7b007e000 JavaThread "Reference Handler" daemon [_thread_blocked, id=20085, stack(0x00007fe79d288000,0x00007fe79d389000)]

Other Threads:
  0x00007fe7b0079000 VMThread [stack: 0x00007fe79d389000,0x00007fe79d48a000] [id=20084]
  0x00007fe7b00c7000 WatcherThread [stack: 0x00007fe79c2c1000,0x00007fe79c3c2000] [id=20093]

VM state:not at safepoint (normal execution)

VM Mutex/Monitor currently owned by a thread: None

Heap:
 PSYoungGen      total 99328K, used 77389K [0x00000000d7300000, 0x00000000de380000, 0x0000000100000000)
  eden space 89600K, 83% used [0x00000000d7300000,0x00000000dbbeb548,0x00000000dca80000)
  from space 9728K, 27% used [0x00000000dda00000,0x00000000ddca8000,0x00000000de380000)
  to   space 12800K, 0% used [0x00000000dca80000,0x00000000dca80000,0x00000000dd700000)
 ParOldGen       total 61440K, used 37057K [0x0000000085800000, 0x0000000089400000, 0x00000000d7300000)
  object space 61440K, 60% used [0x0000000085800000,0x0000000087c30640,0x0000000089400000)
 Metaspace       used 25708K, capacity 25990K, committed 26368K, reserved 1073152K
  class space    used 2884K, capacity 2956K, committed 3072K, reserved 1048576K

Card table byte_map: [0x00007fe79f7d1000,0x00007fe79fba6000] byte_map_base: 0x00007fe79f3a5000

Marking Bits: (ParMarkBitMap*) 0x00007fe7b540f020
 Begin Bits: [0x00007fe7942c0000, 0x00007fe796160000)
 End Bits:   [0x00007fe796160000, 0x00007fe798000000)

Polling page: 0x00007fe7b6056000

CodeCache: size=245760Kb used=19853Kb max_used=20085Kb free=225906Kb
 bounds [0x00007fe79ff66000, 0x00007fe7a1326000, 0x00007fe7aef66000]
 total_blobs=6036 nmethods=5329 adapters=618
 compilation: enabled

Compilation events (10 events):
Event: 2048,224 Thread 0x00007fe7b00bf000 6869       3       java.util.regex.Pattern::expr (142 bytes)
Event: 2048,226 Thread 0x00007fe7b00bf000 nmethod 6869 0x00007fe7a091d190 code [0x00007fe7a091d3c0, 0x00007fe7a091dfe8]
Event: 2048,248 Thread 0x00007fe7b00bf000 6870       3       org.jnetpcap.protocol.tcpip.Http::contentType (8 bytes)
Event: 2048,249 Thread 0x00007fe7b00bf000 nmethod 6870 0x00007fe7a0f69c50 code [0x00007fe7a0f69e40, 0x00007fe7a0f6a808]
Event: 2048,460 Thread 0x00007fe7b00bf000 6871       3       org.jnetpcap.packet.JHeaderScanner::getScannerMethod (20 bytes)
Event: 2048,460 Thread 0x00007fe7b00bf000 nmethod 6871 0x00007fe7a086d910 code [0x00007fe7a086da80, 0x00007fe7a086dc68]
Event: 2048,496 Thread 0x00007fe7b00bf000 6873   !   3       org.jnetpcap.packet.structure.AnnotatedBindMethod::isBound (70 bytes)
Event: 2048,497 Thread 0x00007fe7b00bf000 nmethod 6873 0x00007fe7a0824b90 code [0x00007fe7a0824d60, 0x00007fe7a0825698]
Event: 2048,498 Thread 0x00007fe7b00bf000 6874       3       org.jnetpcap.packet.structure.AnnotatedBinding::isBound (41 bytes)
Event: 2048,500 Thread 0x00007fe7b00bf000 nmethod 6874 0x00007fe7a06336d0 code [0x00007fe7a06338c0, 0x00007fe7a0634228]

GC Heap History (10 events):
Event: 122,913 GC heap before
{Heap before GC invocations=16 (full 2):
 PSYoungGen      total 57856K, used 42496K [0x00000000d7300000, 0x00000000dcd80000, 0x0000000100000000)
  eden space 42496K, 100% used [0x00000000d7300000,0x00000000d9c80000,0x00000000d9c80000)
  from space 15360K, 0% used [0x00000000d9c80000,0x00000000d9c80000,0x00000000dab80000)
  to   space 14336K, 0% used [0x00000000dbf80000,0x00000000dbf80000,0x00000000dcd80000)
 ParOldGen       total 61440K, used 18349K [0x0000000085800000, 0x0000000089400000, 0x00000000d7300000)
  object space 61440K, 29% used [0x0000000085800000,0x00000000869eb658,0x0000000089400000)
 Metaspace       used 22595K, capacity 22830K, committed 23216K, reserved 1069056K
  class space    used 2617K, capacity 2696K, committed 2816K, reserved 1048576K
Event: 122,922 GC heap after
Heap after GC invocations=16 (full 2):
 PSYoungGen      total 78336K, used 4416K [0x00000000d7300000, 0x00000000dce00000, 0x0000000100000000)
  eden space 64000K, 0% used [0x00000000d7300000,0x00000000d7300000,0x00000000db180000)
  from space 14336K, 30% used [0x00000000dbf80000,0x00000000dc3d0000,0x00000000dcd80000)
  to   space 14336K, 0% used [0x00000000db180000,0x00000000db180000,0x00000000dbf80000)
 ParOldGen       total 61440K, used 18349K [0x0000000085800000, 0x0000000089400000, 0x00000000d7300000)
  object space 61440K, 29% used [0x0000000085800000,0x00000000869eb658,0x0000000089400000)
 Metaspace       used 22595K, capacity 22830K, committed 23216K, reserved 1069056K
  class space    used 2617K, capacity 2696K, committed 2816K, reserved 1048576K
}
Event: 124,760 GC heap before
{Heap before GC invocations=17 (full 2):
 PSYoungGen      total 78336K, used 68315K [0x00000000d7300000, 0x00000000dce00000, 0x0000000100000000)
  eden space 64000K, 99% used [0x00000000d7300000,0x00000000db166e20,0x00000000db180000)
  from space 14336K, 30% used [0x00000000dbf80000,0x00000000dc3d0000,0x00000000dcd80000)
  to   space 14336K, 0% used [0x00000000db180000,0x00000000db180000,0x00000000dbf80000)
 ParOldGen       total 61440K, used 18349K [0x0000000085800000, 0x0000000089400000, 0x00000000d7300000)
  object space 61440K, 29% used [0x0000000085800000,0x00000000869eb658,0x0000000089400000)
 Metaspace       used 22606K, capacity 22894K, committed 23216K, reserved 1069056K
  class space    used 2617K, capacity 2696K, committed 2816K, reserved 1048576K
Event: 124,772 GC heap after
Heap after GC invocations=17 (full 2):
 PSYoungGen      total 78336K, used 5533K [0x00000000d7300000, 0x00000000dec00000, 0x0000000100000000)
  eden space 64000K, 0% used [0x00000000d7300000,0x00000000d7300000,0x00000000db180000)
  from space 14336K, 38% used [0x00000000db180000,0x00000000db6e7540,0x00000000dbf80000)
  to   space 13824K, 0% used [0x00000000dde80000,0x00000000dde80000,0x00000000dec00000)
 ParOldGen       total 61440K, used 22757K [0x0000000085800000, 0x0000000089400000, 0x00000000d7300000)
  object space 61440K, 37% used [0x0000000085800000,0x0000000086e39668,0x0000000089400000)
 Metaspace       used 22606K, capacity 22894K, committed 23216K, reserved 1069056K
  class space    used 2617K, capacity 2696K, committed 2816K, reserved 1048576K
}
Event: 127,165 GC heap before
{Heap before GC invocations=18 (full 2):
 PSYoungGen      total 78336K, used 64722K [0x00000000d7300000, 0x00000000dec00000, 0x0000000100000000)
  eden space 64000K, 92% used [0x00000000d7300000,0x00000000daccd500,0x00000000db180000)
  from space 14336K, 38% used [0x00000000db180000,0x00000000db6e7540,0x00000000dbf80000)
  to   space 13824K, 0% used [0x00000000dde80000,0x00000000dde80000,0x00000000dec00000)
 ParOldGen       total 61440K, used 22757K [0x0000000085800000, 0x0000000089400000, 0x00000000d7300000)
  object space 61440K, 37% used [0x0000000085800000,0x0000000086e39668,0x0000000089400000)
 Metaspace       used 24657K, capacity 24980K, committed 25216K, reserved 1071104K
  class space    used 2821K, capacity 2921K, committed 2944K, reserved 1048576K
Event: 127,181 GC heap after
Heap after GC invocations=18 (full 2):
 PSYoungGen      total 108032K, used 6794K [0x00000000d7300000, 0x00000000dea80000, 0x0000000100000000)
  eden space 95744K, 0% used [0x00000000d7300000,0x00000000d7300000,0x00000000dd080000)
  from space 12288K, 55% used [0x00000000dde80000,0x00000000de522ae0,0x00000000dea80000)
  to   space 13312K, 0% used [0x00000000dd080000,0x00000000dd080000,0x00000000ddd80000)
 ParOldGen       total 61440K, used 28313K [0x0000000085800000, 0x0000000089400000, 0x00000000d7300000)
  object space 61440K, 46% used [0x0000000085800000,0x00000000873a67b8,0x0000000089400000)
 Metaspace       used 24657K, capacity 24980K, committed 25216K, reserved 1071104K
  class space    used 2821K, capacity 2921K, committed 2944K, reserved 1048576K
}
Event: 554,444 GC heap before
{Heap before GC invocations=19 (full 2):
 PSYoungGen      total 108032K, used 102538K [0x00000000d7300000, 0x00000000dea80000, 0x0000000100000000)
  eden space 95744K, 100% used [0x00000000d7300000,0x00000000dd080000,0x00000000dd080000)
  from space 12288K, 55% used [0x00000000dde80000,0x00000000de522ae0,0x00000000dea80000)
  to   space 13312K, 0% used [0x00000000dd080000,0x00000000dd080000,0x00000000ddd80000)
 ParOldGen       total 61440K, used 28313K [0x0000000085800000, 0x0000000089400000, 0x00000000d7300000)
  object space 61440K, 46% used [0x0000000085800000,0x00000000873a67b8,0x0000000089400000)
 Metaspace       used 25518K, capacity 25786K, committed 26112K, reserved 1073152K
  class space    used 2882K, capacity 2954K, committed 3072K, reserved 1048576K
Event: 554,475 GC heap after
Heap after GC invocations=19 (full 2):
 PSYoungGen      total 97792K, used 4656K [0x00000000d7300000, 0x00000000de680000, 0x0000000100000000)
  eden space 92672K, 0% used [0x00000000d7300000,0x00000000d7300000,0x00000000dcd80000)
  from space 5120K, 90% used [0x00000000dd080000,0x00000000dd50c120,0x00000000dd580000)
  to   space 12800K, 0% used [0x00000000dda00000,0x00000000dda00000,0x00000000de680000)
 ParOldGen       total 61440K, used 33677K [0x0000000085800000, 0x0000000089400000, 0x00000000d7300000)
  object space 61440K, 54% used [0x0000000085800000,0x00000000878e34f0,0x0000000089400000)
 Metaspace       used 25518K, capacity 25786K, committed 26112K, reserved 1073152K
  class space    used 2882K, capacity 2954K, committed 3072K, reserved 1048576K
}
Event: 1188,312 GC heap before
{Heap before GC invocations=20 (full 2):
 PSYoungGen      total 97792K, used 97328K [0x00000000d7300000, 0x00000000de680000, 0x0000000100000000)
  eden space 92672K, 100% used [0x00000000d7300000,0x00000000dcd80000,0x00000000dcd80000)
  from space 5120K, 90% used [0x00000000dd080000,0x00000000dd50c120,0x00000000dd580000)
  to   space 12800K, 0% used [0x00000000dda00000,0x00000000dda00000,0x00000000de680000)
 ParOldGen       total 61440K, used 33677K [0x0000000085800000, 0x0000000089400000, 0x00000000d7300000)
  object space 61440K, 54% used [0x0000000085800000,0x00000000878e34f0,0x0000000089400000)
 Metaspace       used 25610K, capacity 25862K, committed 26368K, reserved 1073152K
  class space    used 2884K, capacity 2956K, committed 3072K, reserved 1048576K
Event: 1188,328 GC heap after
Heap after GC invocations=20 (full 2):
 PSYoungGen      total 99328K, used 2720K [0x00000000d7300000, 0x00000000de380000, 0x0000000100000000)
  eden space 89600K, 0% used [0x00000000d7300000,0x00000000d7300000,0x00000000dca80000)
  from space 9728K, 27% used [0x00000000dda00000,0x00000000ddca8000,0x00000000de380000)
  to   space 12800K, 0% used [0x00000000dca80000,0x00000000dca80000,0x00000000dd700000)
 ParOldGen       total 61440K, used 37057K [0x0000000085800000, 0x0000000089400000, 0x00000000d7300000)
  object space 61440K, 60% used [0x0000000085800000,0x0000000087c30640,0x0000000089400000)
 Metaspace       used 25610K, capacity 25862K, committed 26368K, reserved 1073152K
  class space    used 2884K, capacity 2956K, committed 3072K, reserved 1048576K
}

Deoptimization events (10 events):
Event: 1185,428 Thread 0x00007fe7b0310800 Uncommon trap: reason=bimorphic action=maybe_recompile pc=0x00007fe7a0d08ea8 method=javax.swing.text.View.getMinimumSpan(I)F @ 2
Event: 1185,428 Thread 0x00007fe7b0310800 Uncommon trap: reason=bimorphic action=maybe_recompile pc=0x00007fe7a0d08ea8 method=javax.swing.text.View.getMinimumSpan(I)F @ 2
Event: 1854,180 Thread 0x00007fe72c005800 Uncommon trap: reason=unstable_if action=reinterpret pc=0x00007fe7a0ae2d00 method=org.jnetpcap.nio.JMemory.peer(Lorg/jnetpcap/nio/JMemory;II)I @ 1
Event: 1854,180 Thread 0x00007fe72c005800 Uncommon trap: reason=unstable_if action=reinterpret pc=0x00007fe7a07eee7c method=java.lang.AbstractStringBuilder.append(I)Ljava/lang/AbstractStringBuilder; @ 16
Event: 1854,180 Thread 0x00007fe72c005800 Uncommon trap: reason=unstable_if action=reinterpret pc=0x00007fe7a07dc3e4 method=java.lang.Integer.getChars(II[C)V @ 7
Event: 1854,180 Thread 0x00007fe72c005800 Uncommon trap: reason=unstable_if action=reinterpret pc=0x00007fe7a0e3daa8 method=java.util.concurrent.FutureTask.run()V @ 66
Event: 1871,659 Thread 0x00007fe7b0310800 Uncommon trap: reason=unstable_if action=reinterpret pc=0x00007fe7a0916468 method=sun.java2d.pipe.Region.getIntersectionXYXY(IIII)Lsun/java2d/pipe/Region; @ 23
Event: 1871,659 Thread 0x00007fe7b0310800 Uncommon trap: reason=unstable_if action=reinterpret pc=0x00007fe7a08dba70 method=javax.swing.text.BoxView.paint(Ljava/awt/Graphics;Ljava/awt/Shape;)V @ 207
Event: 1871,659 Thread 0x00007fe7b0310800 Uncommon trap: reason=unstable_if action=reinterpret pc=0x00007fe7a0d58000 method=java.lang.StrictMath.floorOrCeil(DDDD)D @ 115
Event: 1877,747 Thread 0x00007fe7b0310800 Uncommon trap: reason=unstable_if action=reinterpret pc=0x00007fe7a07c9488 method=java.lang.StrictMath.floorOrCeil(DDDD)D @ 24

Internal exceptions (10 events):
Event: 1403,726 Thread 0x00007fe72000a000 Exception <a 'java/net/UnknownHostException'> (0x00000000d8b24600) thrown at [/HUDSON/workspace/8-2-build-linux-amd64/jdk8u66/4988/hotspot/src/share/vm/prims/jni.cpp, line 735]
Event: 1703,942 Thread 0x00007fe72000a000 Exception <a 'java/net/UnknownHostException'> (0x00000000d9a1d5d0) thrown at [/HUDSON/workspace/8-2-build-linux-amd64/jdk8u66/4988/hotspot/src/share/vm/prims/jni.cpp, line 735]
Event: 1705,734 Thread 0x00007fe72000a000 Exception <a 'java/net/UnknownHostException'> (0x00000000d9a1d8e0) thrown at [/HUDSON/workspace/8-2-build-linux-amd64/jdk8u66/4988/hotspot/src/share/vm/prims/jni.cpp, line 735]
Event: 1821,132 Thread 0x00007fe72000a000 Exception <a 'java/net/UnknownHostException'> (0x00000000d9feabc0) thrown at [/HUDSON/workspace/8-2-build-linux-amd64/jdk8u66/4988/hotspot/src/share/vm/prims/jni.cpp, line 735]
Event: 1829,170 Thread 0x00007fe72000a000 Exception <a 'java/net/UnknownHostException'> (0x00000000d9feaed0) thrown at [/HUDSON/workspace/8-2-build-linux-amd64/jdk8u66/4988/hotspot/src/share/vm/prims/jni.cpp, line 735]
Event: 1829,258 Thread 0x00007fe72000a000 Exception <a 'java/net/UnknownHostException'> (0x00000000d9feb1e0) thrown at [/HUDSON/workspace/8-2-build-linux-amd64/jdk8u66/4988/hotspot/src/share/vm/prims/jni.cpp, line 735]
Event: 1831,483 Thread 0x00007fe72000a000 Exception <a 'java/net/UnknownHostException'> (0x00000000d9feb7d8) thrown at [/HUDSON/workspace/8-2-build-linux-amd64/jdk8u66/4988/hotspot/src/share/vm/prims/jni.cpp, line 735]
Event: 1843,205 Thread 0x00007fe72000d800 Exception <a 'java/net/UnknownHostException'> (0x00000000dadafc70) thrown at [/HUDSON/workspace/8-2-build-linux-amd64/jdk8u66/4988/hotspot/src/share/vm/prims/jni.cpp, line 735]
Event: 1843,253 Thread 0x00007fe72000a000 Exception <a 'java/net/UnknownHostException'> (0x00000000d9febdf8) thrown at [/HUDSON/workspace/8-2-build-linux-amd64/jdk8u66/4988/hotspot/src/share/vm/prims/jni.cpp, line 735]
Event: 1849,401 Thread 0x00007fe720010000 Exception <a 'java/net/UnknownHostException'> (0x00000000dac57600) thrown at [/HUDSON/workspace/8-2-build-linux-amd64/jdk8u66/4988/hotspot/src/share/vm/prims/jni.cpp, line 735]

Events (10 events):
Event: 2047,998 Executing VM operation: RevokeBias done
Event: 2048,016 Executing VM operation: BulkRevokeBias
Event: 2048,016 Executing VM operation: BulkRevokeBias done
Event: 2048,226 Thread 0x00007fe7b00bf000 flushing nmethod 0x00007fe7a084ea10
Event: 2048,226 Thread 0x00007fe7b00bf000 flushing nmethod 0x00007fe7a0886e50
Event: 2048,226 Thread 0x00007fe7b00bf000 flushing nmethod 0x00007fe7a089b0d0
Event: 2048,250 Thread 0x00007fe7b00bf000 flushing nmethod 0x00007fe7a0911bd0
Event: 2048,250 Thread 0x00007fe7b00bf000 flushing nmethod 0x00007fe7a095a590
Event: 2048,461 Thread 0x00007fe7b00bf000 flushing nmethod 0x00007fe7a0a34f10
Event: 2048,497 Thread 0x00007fe7b00bf000 flushing nmethod 0x00007fe7a0b16010


Dynamic libraries:
00400000-00401000 r-xp 00000000 08:01 133799                             /usr/lib/jvm/jdk1.8.0_66/bin/java
00600000-00601000 rw-p 00000000 08:01 133799                             /usr/lib/jvm/jdk1.8.0_66/bin/java
01d7d000-01d9e000 rw-p 00000000 00:00 0                                  [heap]
85800000-89400000 rw-p 00000000 00:00 0 
89400000-d7300000 ---p 00000000 00:00 0 
d7300000-de380000 rw-p 00000000 00:00 0 
de380000-100000000 ---p 00000000 00:00 0 
100000000-100300000 rw-p 00000000 00:00 0 
100300000-140000000 ---p 00000000 00:00 0 
7fe718000000-7fe718021000 rw-p 00000000 00:00 0 
7fe718021000-7fe71c000000 ---p 00000000 00:00 0 
7fe71c000000-7fe71c021000 rw-p 00000000 00:00 0 
7fe71c021000-7fe720000000 ---p 00000000 00:00 0 
7fe720000000-7fe72002d000 rw-p 00000000 00:00 0 
7fe72002d000-7fe724000000 ---p 00000000 00:00 0 
7fe724000000-7fe72447e000 rw-p 00000000 00:00 0 
7fe72447e000-7fe728000000 ---p 00000000 00:00 0 
7fe728000000-7fe728221000 rw-p 00000000 00:00 0 
7fe728221000-7fe72c000000 ---p 00000000 00:00 0 
7fe72c000000-7fe72d440000 rw-p 00000000 00:00 0 
7fe72d440000-7fe730000000 ---p 00000000 00:00 0 
7fe730000000-7fe730021000 rw-p 00000000 00:00 0 
7fe730021000-7fe734000000 ---p 00000000 00:00 0 
7fe7352e5000-7fe7354e5000 rw-s 00000000 00:08 403248                     socket:[403248]
7fe7354e5000-7fe735b94000 rw-s 00000000 00:05 4751371                    /SYSV00000000 (deleted)
7fe735b94000-7fe735c54000 rw-p 00000000 00:00 0 
7fe735c54000-7fe735d94000 ---p 00000000 00:00 0 
7fe735d94000-7fe735dbe000 r-xp 00000000 08:01 133935                     /usr/lib/jvm/jdk1.8.0_66/jre/lib/amd64/libdcpr.so
7fe735dbe000-7fe735fbe000 ---p 0002a000 08:01 133935                     /usr/lib/jvm/jdk1.8.0_66/jre/lib/amd64/libdcpr.so
7fe735fbe000-7fe735fc1000 rw-p 0002a000 08:01 133935                     /usr/lib/jvm/jdk1.8.0_66/jre/lib/amd64/libdcpr.so
7fe735fc1000-7fe7361c1000 rw-p 00000000 00:00 0 
7fe7361c1000-7fe7361c2000 r--s 00000000 08:01 327791                     /var/cache/fontconfig/c05880de57d1f5e948fdfacc138775d9-le64.cache-4
7fe7361c2000-7fe7361cd000 r--s 00000000 08:01 327785                     /var/cache/fontconfig/945677eb7aeaf62f1d50efc3fb3ec7d8-le64.cache-4
7fe7361cd000-7fe7361cf000 r--s 00000000 08:01 335146                     /var/cache/fontconfig/99e8ed0e538f840c565b6ed5dad60d56-le64.cache-4
7fe7361cf000-7fe7361d8000 r--s 00000000 08:01 335145                     /var/cache/fontconfig/a6d8cf8e4ec09cdbc8633c31745a07dd-le64.cache-4
7fe7361d8000-7fe7361de000 r--s 00000000 08:01 327769                     /var/cache/fontconfig/2cd17615ca594fa2959ae173292e504c-le64.cache-4
7fe7361de000-7fe7361df000 r--s 00000000 08:01 327801                     /var/cache/fontconfig/e7071f4a29fa870f4323321c154eba04-le64.cache-4
7fe7361df000-7fe7361e0000 r--s 00000000 08:01 327766                     /var/cache/fontconfig/0d8c3b2ac0904cb8a57a757ad11a4a08-le64.cache-4
7fe7361e0000-7fe7361e7000 r--s 00000000 08:01 327788                     /var/cache/fontconfig/a755afe4a08bf5b97852ceb7400b47bc-le64.cache-4
7fe7361e7000-7fe7361fb000 r--s 00000000 08:01 327764                     /var/cache/fontconfig/04aabc0a78ac019cf9454389977116d2-le64.cache-4
7fe7361fb000-7fe7361fc000 r--s 00000000 08:01 327768                     /var/cache/fontconfig/1ac9eb803944fde146138c791f5cc56a-le64.cache-4
7fe7361fc000-7fe736200000 r--s 00000000 08:01 327772                     /var/cache/fontconfig/385c0604a188198f04d133e54aba7fe7-le64.cache-4
7fe736200000-7fe736201000 r--s 00000000 08:01 327798                     /var/cache/fontconfig/dc05db6664285cc2f12bf69c139ae4c3-le64.cache-4
7fe736201000-7fe736203000 r--s 00000000 08:01 327782                     /var/cache/fontconfig/767a8244fc0220cfb567a839d0392e0b-le64.cache-4
7fe736203000-7fe736204000 r--s 00000000 08:01 330802                     /var/cache/fontconfig/4794a0821666d79190d59a36cb4f44b5-le64.cache-4
7fe736204000-7fe73623f000 r--s 00000000 08:01 328681                     /var/cache/fontconfig/365b55f210c0a22e9a19e35191240f32-le64.cache-4
7fe73623f000-7fe736246000 r--s 00000000 08:01 327770                     /var/cache/fontconfig/3047814df9a2f067bd2d96a2b9c36e5a-le64.cache-4
7fe736246000-7fe73624f000 r--s 00000000 08:01 335142                     /var/cache/fontconfig/52f7bdb7ce746bfd7eaa1985bd9cfa93-le64.cache-4
7fe736361000-7fe736364000 ---p 00000000 00:00 0 
7fe736364000-7fe736662000 rw-p 00000000 00:00 0 
7fe736662000-7fe736665000 ---p 00000000 00:00 0 
7fe736665000-7fe736763000 rw-p 00000000 00:00 0 
7fe736763000-7fe736766000 ---p 00000000 00:00 0 
7fe736766000-7fe736864000 rw-p 00000000 00:00 0                          [stack:23329]
7fe736864000-7fe736867000 ---p 00000000 00:00 0 
7fe736867000-7fe736965000 rw-p 00000000 00:00 0 
7fe736965000-7fe736968000 ---p 00000000 00:00 0 
7fe736968000-7fe736a66000 rw-p 00000000 00:00 0 
7fe736a66000-7fe736a69000 ---p 00000000 00:00 0 
7fe736a69000-7fe736b67000 rw-p 00000000 00:00 0 
7fe736b95000-7fe736b98000 ---p 00000000 00:00 0 
7fe736b98000-7fe736c96000 rw-p 00000000 00:00 0 
7fe736c96000-7fe736c99000 ---p 00000000 00:00 0 
7fe736c99000-7fe736d97000 rw-p 00000000 00:00 0 
7fe736d97000-7fe736d9a000 ---p 00000000 00:00 0 
7fe736d9a000-7fe736e98000 rw-p 00000000 00:00 0 
7fe736e98000-7fe736eaf000 r-xp 00000000 08:01 950376                     /lib/x86_64-linux-gnu/libresolv-2.19.so
7fe736eaf000-7fe7370af000 ---p 00017000 08:01 950376                     /lib/x86_64-linux-gnu/libresolv-2.19.so
7fe7370af000-7fe7370b0000 r--p 00017000 08:01 950376                     /lib/x86_64-linux-gnu/libresolv-2.19.so
7fe7370b0000-7fe7370b1000 rw-p 00018000 08:01 950376                     /lib/x86_64-linux-gnu/libresolv-2.19.so
7fe7370b1000-7fe7370b3000 rw-p 00000000 00:00 0 
7fe7370b3000-7fe7370b8000 r-xp 00000000 08:01 950481                     /lib/x86_64-linux-gnu/libnss_dns-2.19.so
7fe7370b8000-7fe7372b7000 ---p 00005000 08:01 950481                     /lib/x86_64-linux-gnu/libnss_dns-2.19.so
7fe7372b7000-7fe7372b8000 r--p 00004000 08:01 950481                     /lib/x86_64-linux-gnu/libnss_dns-2.19.so
7fe7372b8000-7fe7372b9000 rw-p 00005000 08:01 950481                     /lib/x86_64-linux-gnu/libnss_dns-2.19.so
7fe7372b9000-7fe7372bc000 ---p 00000000 00:00 0 
7fe7372bc000-7fe7373ba000 rw-p 00000000 00:00 0 
7fe7373ba000-7fe7373bc000 r-xp 00000000 08:01 953126                     /lib/x86_64-linux-gnu/libnss_mdns4_minimal.so.2
7fe7373bc000-7fe7375bb000 ---p 00002000 08:01 953126                     /lib/x86_64-linux-gnu/libnss_mdns4_minimal.so.2
7fe7375bb000-7fe7375bc000 r--p 00001000 08:01 953126                     /lib/x86_64-linux-gnu/libnss_mdns4_minimal.so.2
7fe7375bc000-7fe7375bd000 rw-p 00002000 08:01 953126                     /lib/x86_64-linux-gnu/libnss_mdns4_minimal.so.2
7fe7375bd000-7fe7375c0000 r-xp 00000000 08:01 953130                     /lib/x86_64-linux-gnu/libnss_myhostname.so.2
7fe7375c0000-7fe7377bf000 ---p 00003000 08:01 953130                     /lib/x86_64-linux-gnu/libnss_myhostname.so.2
7fe7377bf000-7fe7377c0000 r--p 00002000 08:01 953130                     /lib/x86_64-linux-gnu/libnss_myhostname.so.2
7fe7377c0000-7fe7377c1000 rw-p 00003000 08:01 953130                     /lib/x86_64-linux-gnu/libnss_myhostname.so.2
7fe7377c1000-7fe7377c4000 ---p 00000000 00:00 0 
7fe7377c4000-7fe7378c2000 rw-p 00000000 00:00 0                          [stack:20155]
7fe7378c2000-7fe737ac2000 rw-s 00000000 00:08 276232                     socket:[276232]
7fe737ac2000-7fe737ac5000 ---p 00000000 00:00 0 
7fe737ac5000-7fe737bc3000 rw-p 00000000 00:00 0                          [stack:20153]
7fe737bc3000-7fe737bfd000 r-xp 00000000 08:01 133896                     /usr/lib/jvm/jdk1.8.0_66/jre/lib/amd64/libjpeg.so
7fe737bfd000-7fe737dfd000 ---p 0003a000 08:01 133896                     /usr/lib/jvm/jdk1.8.0_66/jre/lib/amd64/libjpeg.so
7fe737dfd000-7fe737dfe000 rw-p 0003a000 08:01 133896                     /usr/lib/jvm/jdk1.8.0_66/jre/lib/amd64/libjpeg.so
7fe737dfe000-7fe737e01000 ---p 00000000 00:00 0 
7fe737e01000-7fe737eff000 rw-p 00000000 00:00 0 
7fe737eff000-7fe737f02000 ---p 00000000 00:00 0 
7fe737f02000-7fe738000000 rw-p 00000000 00:00 0                          [stack:20129]
7fe738000000-7fe738021000 rw-p 00000000 00:00 0 
7fe738021000-7fe73c000000 ---p 00000000 00:00 0 
7fe73c000000-7fe73c021000 rw-p 00000000 00:00 0 
7fe73c021000-7fe740000000 ---p 00000000 00:00 0 
7fe740000000-7fe740021000 rw-p 00000000 00:00 0 
7fe740021000-7fe744000000 ---p 00000000 00:00 0 
7fe744000000-7fe744021000 rw-p 00000000 00:00 0 
7fe744021000-7fe748000000 ---p 00000000 00:00 0 
7fe748000000-7fe7483d2000 rw-p 00000000 00:00 0 
7fe7483d2000-7fe74c000000 ---p 00000000 00:00 0 
7fe74c000000-7fe74c021000 rw-p 00000000 00:00 0 
7fe74c021000-7fe750000000 ---p 00000000 00:00 0 
7fe750000000-7fe75028f000 rw-p 00000000 00:00 0 
7fe75028f000-7fe754000000 ---p 00000000 00:00 0 
7fe754000000-7fe754021000 rw-p 00000000 00:00 0 
7fe754021000-7fe758000000 ---p 00000000 00:00 0 
7fe758000000-7fe758021000 rw-p 00000000 00:00 0 
7fe758021000-7fe75c000000 ---p 00000000 00:00 0 
7fe75c000000-7fe75c021000 rw-p 00000000 00:00 0 
7fe75c021000-7fe760000000 ---p 00000000 00:00 0 
7fe760000000-7fe760021000 rw-p 00000000 00:00 0 
7fe760021000-7fe764000000 ---p 00000000 00:00 0 
7fe764000000-7fe764021000 rw-p 00000000 00:00 0 
7fe764021000-7fe768000000 ---p 00000000 00:00 0 
7fe768000000-7fe76aac8000 rw-p 00000000 00:00 0 
7fe76aac8000-7fe76c000000 ---p 00000000 00:00 0 
7fe76c000000-7fe76cb9e000 rw-p 00000000 00:00 0 
7fe76cb9e000-7fe770000000 ---p 00000000 00:00 0 
7fe770000000-7fe770021000 rw-p 00000000 00:00 0 
7fe770021000-7fe774000000 ---p 00000000 00:00 0 
7fe774000000-7fe776119000 rw-p 00000000 00:00 0 
7fe776119000-7fe778000000 ---p 00000000 00:00 0 
7fe778000000-7fe778021000 rw-p 00000000 00:00 0 
7fe778021000-7fe77c000000 ---p 00000000 00:00 0 
7fe77c000000-7fe77c021000 rw-p 00000000 00:00 0 
7fe77c021000-7fe780000000 ---p 00000000 00:00 0 
7fe780000000-7fe780021000 rw-p 00000000 00:00 0 
7fe780021000-7fe784000000 ---p 00000000 00:00 0 
7fe784000000-7fe7840ca000 rw-p 00000000 00:00 0 
7fe7840ca000-7fe788000000 ---p 00000000 00:00 0 
7fe788000000-7fe788021000 rw-p 00000000 00:00 0 
7fe788021000-7fe78c000000 ---p 00000000 00:00 0 
7fe78c000000-7fe78c005000 r--s 00000000 08:01 327784                     /var/cache/fontconfig/8801497958630a81b71ace7c5f9b32a8-le64.cache-4
7fe78c005000-7fe78c006000 r--s 00000000 08:01 327776                     /var/cache/fontconfig/56cf4f4769d0f4abc89a4895d7bd3ae1-le64.cache-4
7fe78c006000-7fe78c019000 r--s 00000000 08:01 327795                     /var/cache/fontconfig/d52a8644073d54c13679302ca1180695-le64.cache-4
7fe78c019000-7fe78c022000 r--s 00000000 08:01 327773                     /var/cache/fontconfig/3f7329c5293ffd510edef78f73874cfd-le64.cache-4
7fe78c022000-7fe78c02d000 r--s 00000000 08:01 332215                     /var/cache/fontconfig/d589a48862398ed80a3d6066f4f56f4c-le64.cache-4
7fe78c081000-7fe78c084000 ---p 00000000 00:00 0 
7fe78c084000-7fe78c382000 rw-p 00000000 00:00 0                          [stack:20128]
7fe78c382000-7fe78c385000 ---p 00000000 00:00 0 
7fe78c385000-7fe78c483000 rw-p 00000000 00:00 0                          [stack:20127]
7fe78c483000-7fe78c486000 ---p 00000000 00:00 0 
7fe78c486000-7fe78c584000 rw-p 00000000 00:00 0                          [stack:20126]
7fe78c584000-7fe78c5bf000 r-xp 00000000 08:01 1806004                    /usr/lib/x86_64-linux-gnu/libpcap.so.1.5.3
7fe78c5bf000-7fe78c7be000 ---p 0003b000 08:01 1806004                    /usr/lib/x86_64-linux-gnu/libpcap.so.1.5.3
7fe78c7be000-7fe78c7c0000 r--p 0003a000 08:01 1806004                    /usr/lib/x86_64-linux-gnu/libpcap.so.1.5.3
7fe78c7c0000-7fe78c7c1000 rw-p 0003c000 08:01 1806004                    /usr/lib/x86_64-linux-gnu/libpcap.so.1.5.3
7fe78c7c1000-7fe78c7c2000 rw-p 00000000 00:00 0 
7fe78c7c2000-7fe78c8a8000 r-xp 00000000 08:01 1802326                    /usr/lib/x86_64-linux-gnu/libstdc++.so.6.0.19
7fe78c8a8000-7fe78caa7000 ---p 000e6000 08:01 1802326                    /usr/lib/x86_64-linux-gnu/libstdc++.so.6.0.19
7fe78caa7000-7fe78caaf000 r--p 000e5000 08:01 1802326                    /usr/lib/x86_64-linux-gnu/libstdc++.so.6.0.19
7fe78caaf000-7fe78cab1000 rw-p 000ed000 08:01 1802326                    /usr/lib/x86_64-linux-gnu/libstdc++.so.6.0.19
7fe78cab1000-7fe78cac6000 rw-p 00000000 00:00 0 
7fe78cac6000-7fe78caed000 r-xp 00000000 08:01 1008483                    /root/IdeaProjects/SorsJSF/src/main/resources/lib/libjnetpcap.so
7fe78caed000-7fe78cced000 ---p 00027000 08:01 1008483                    /root/IdeaProjects/SorsJSF/src/main/resources/lib/libjnetpcap.so
7fe78cced000-7fe78ccee000 r--p 00027000 08:01 1008483                    /root/IdeaProjects/SorsJSF/src/main/resources/lib/libjnetpcap.so
7fe78ccee000-7fe78ccef000 rw-p 00028000 08:01 1008483                    /root/IdeaProjects/SorsJSF/src/main/resources/lib/libjnetpcap.so
7fe78ccef000-7fe78cef8000 rw-p 00000000 00:00 0 
7fe78cef8000-7fe78d0f8000 rw-p 00000000 00:00 0 
7fe78d0f8000-7fe78d2f8000 rw-p 00000000 00:00 0 
7fe78d2f8000-7fe78d361000 r-xp 00000000 08:01 133888                     /usr/lib/jvm/jdk1.8.0_66/jre/lib/amd64/libt2k.so
7fe78d361000-7fe78d561000 ---p 00069000 08:01 133888                     /usr/lib/jvm/jdk1.8.0_66/jre/lib/amd64/libt2k.so
7fe78d561000-7fe78d568000 rw-p 00069000 08:01 133888                     /usr/lib/jvm/jdk1.8.0_66/jre/lib/amd64/libt2k.so
7fe78d568000-7fe78d578000 rw-p 00000000 00:00 0 
7fe78d578000-7fe78d589000 r-xp 00000000 08:01 133928                     /usr/lib/jvm/jdk1.8.0_66/jre/lib/amd64/libnio.so
7fe78d589000-7fe78d788000 ---p 00011000 08:01 133928                     /usr/lib/jvm/jdk1.8.0_66/jre/lib/amd64/libnio.so
7fe78d788000-7fe78d789000 rw-p 00010000 08:01 133928                     /usr/lib/jvm/jdk1.8.0_66/jre/lib/amd64/libnio.so
7fe78d789000-7fe78d78c000 ---p 00000000 00:00 0 
7fe78d78c000-7fe78da8a000 rw-p 00000000 00:00 0                          [stack:20124]
7fe78da8a000-7fe78da8d000 ---p 00000000 00:00 0 
7fe78da8d000-7fe78db8b000 rw-p 00000000 00:00 0                          [stack:20098]
7fe78db8b000-7fe78db8e000 ---p 00000000 00:00 0 
7fe78db8e000-7fe78dc8c000 rw-p 00000000 00:00 0                          [stack:20097]
7fe78dc8c000-7fe78dc8f000 ---p 00000000 00:00 0 
7fe78dc8f000-7fe78dd8d000 rw-p 00000000 00:00 0                          [stack:20096]
7fe78dd8d000-7fe78dd92000 r-xp 00000000 08:01 1805284                    /usr/lib/x86_64-linux-gnu/libXfixes.so.3.1.0
7fe78dd92000-7fe78df91000 ---p 00005000 08:01 1805284                    /usr/lib/x86_64-linux-gnu/libXfixes.so.3.1.0
7fe78df91000-7fe78df92000 r--p 00004000 08:01 1805284                    /usr/lib/x86_64-linux-gnu/libXfixes.so.3.1.0
7fe78df92000-7fe78df93000 rw-p 00005000 08:01 1805284                    /usr/lib/x86_64-linux-gnu/libXfixes.so.3.1.0
7fe78df93000-7fe78df9c000 r-xp 00000000 08:01 1805276                    /usr/lib/x86_64-linux-gnu/libXcursor.so.1.0.2
7fe78df9c000-7fe78e19b000 ---p 00009000 08:01 1805276                    /usr/lib/x86_64-linux-gnu/libXcursor.so.1.0.2
7fe78e19b000-7fe78e19c000 r--p 00008000 08:01 1805276                    /usr/lib/x86_64-linux-gnu/libXcursor.so.1.0.2
7fe78e19c000-7fe78e19d000 rw-p 00009000 08:01 1805276                    /usr/lib/x86_64-linux-gnu/libXcursor.so.1.0.2
7fe78e19d000-7fe78e1a0000 ---p 00000000 00:00 0 
7fe78e1a0000-7fe78e29e000 rw-p 00000000 00:00 0                          [stack:20095]
7fe78e29e000-7fe78e2b4000 r-xp 00000000 08:01 950446                     /lib/x86_64-linux-gnu/libgcc_s.so.1
7fe78e2b4000-7fe78e4b3000 ---p 00016000 08:01 950446                     /lib/x86_64-linux-gnu/libgcc_s.so.1
7fe78e4b3000-7fe78e4b4000 rw-p 00015000 08:01 950446                     /lib/x86_64-linux-gnu/libgcc_s.so.1
7fe78e4b4000-7fe78e519000 r-xp 00000000 08:01 133883                     /usr/lib/jvm/jdk1.8.0_66/jre/lib/amd64/libfontmanager.so
7fe78e519000-7fe78e719000 ---p 00065000 08:01 133883                     /usr/lib/jvm/jdk1.8.0_66/jre/lib/amd64/libfontmanager.so
7fe78e719000-7fe78e71d000 rw-p 00065000 08:01 133883                     /usr/lib/jvm/jdk1.8.0_66/jre/lib/amd64/libfontmanager.so
7fe78e71d000-7fe78e72e000 rw-p 00000000 00:00 0 
7fe78e72e000-7fe78e733000 r-xp 00000000 08:01 1805280                    /usr/lib/x86_64-linux-gnu/libXdmcp.so.6.0.0
7fe78e733000-7fe78e932000 ---p 00005000 08:01 1805280                    /usr/lib/x86_64-linux-gnu/libXdmcp.so.6.0.0
7fe78e932000-7fe78e933000 r--p 00004000 08:01 1805280                    /usr/lib/x86_64-linux-gnu/libXdmcp.so.6.0.0
7fe78e933000-7fe78e934000 rw-p 00005000 08:01 1805280                    /usr/lib/x86_64-linux-gnu/libXdmcp.so.6.0.0
7fe78e934000-7fe78e936000 r-xp 00000000 08:01 1805269                    /usr/lib/x86_64-linux-gnu/libXau.so.6.0.0
7fe78e936000-7fe78eb36000 ---p 00002000 08:01 1805269                    /usr/lib/x86_64-linux-gnu/libXau.so.6.0.0
7fe78eb36000-7fe78eb37000 r--p 00002000 08:01 1805269                    /usr/lib/x86_64-linux-gnu/libXau.so.6.0.0
7fe78eb37000-7fe78eb38000 rw-p 00003000 08:01 1805269                    /usr/lib/x86_64-linux-gnu/libXau.so.6.0.0
7fe78eb38000-7fe78eb55000 r-xp 00000000 08:01 1806294                    /usr/lib/x86_64-linux-gnu/libxcb.so.1.1.0
7fe78eb55000-7fe78ed55000 ---p 0001d000 08:01 1806294                    /usr/lib/x86_64-linux-gnu/libxcb.so.1.1.0
7fe78ed55000-7fe78ed56000 r--p 0001d000 08:01 1806294                    /usr/lib/x86_64-linux-gnu/libxcb.so.1.1.0
7fe78ed56000-7fe78ed57000 rw-p 0001e000 08:01 1806294                    /usr/lib/x86_64-linux-gnu/libxcb.so.1.1.0
7fe78ed57000-7fe78ed66000 r-xp 00000000 08:01 1805290                    /usr/lib/x86_64-linux-gnu/libXi.so.6.1.0
7fe78ed66000-7fe78ef65000 ---p 0000f000 08:01 1805290                    /usr/lib/x86_64-linux-gnu/libXi.so.6.1.0
7fe78ef65000-7fe78ef66000 r--p 0000e000 08:01 1805290                    /usr/lib/x86_64-linux-gnu/libXi.so.6.1.0
7fe78ef66000-7fe78ef67000 rw-p 0000f000 08:01 1805290                    /usr/lib/x86_64-linux-gnu/libXi.so.6.1.0
7fe78ef67000-7fe78ef6c000 r-xp 00000000 08:01 1805310                    /usr/lib/x86_64-linux-gnu/libXtst.so.6.1.0
7fe78ef6c000-7fe78f16b000 ---p 00005000 08:01 1805310                    /usr/lib/x86_64-linux-gnu/libXtst.so.6.1.0
7fe78f16b000-7fe78f16c000 r--p 00004000 08:01 1805310                    /usr/lib/x86_64-linux-gnu/libXtst.so.6.1.0
7fe78f16c000-7fe78f16d000 rw-p 00005000 08:01 1805310                    /usr/lib/x86_64-linux-gnu/libXtst.so.6.1.0
7fe78f16d000-7fe78f176000 r-xp 00000000 08:01 1805304                    /usr/lib/x86_64-linux-gnu/libXrender.so.1.3.0
7fe78f176000-7fe78f375000 ---p 00009000 08:01 1805304                    /usr/lib/x86_64-linux-gnu/libXrender.so.1.3.0
7fe78f375000-7fe78f376000 r--p 00008000 08:01 1805304                    /usr/lib/x86_64-linux-gnu/libXrender.so.1.3.0
7fe78f376000-7fe78f377000 rw-p 00009000 08:01 1805304                    /usr/lib/x86_64-linux-gnu/libXrender.so.1.3.0
7fe78f377000-7fe78f4a7000 r-xp 00000000 08:01 1805265                    /usr/lib/x86_64-linux-gnu/libX11.so.6.3.0
7fe78f4a7000-7fe78f6a7000 ---p 00130000 08:01 1805265                    /usr/lib/x86_64-linux-gnu/libX11.so.6.3.0
7fe78f6a7000-7fe78f6a8000 r--p 00130000 08:01 1805265                    /usr/lib/x86_64-linux-gnu/libX11.so.6.3.0
7fe78f6a8000-7fe78f6ac000 rw-p 00131000 08:01 1805265                    /usr/lib/x86_64-linux-gnu/libX11.so.6.3.0
7fe78f6ac000-7fe78f6bd000 r-xp 00000000 08:01 1805282                    /usr/lib/x86_64-linux-gnu/libXext.so.6.4.0
7fe78f6bd000-7fe78f8bc000 ---p 00011000 08:01 1805282                    /usr/lib/x86_64-linux-gnu/libXext.so.6.4.0
7fe78f8bc000-7fe78f8bd000 r--p 00010000 08:01 1805282                    /usr/lib/x86_64-linux-gnu/libXext.so.6.4.0
7fe78f8bd000-7fe78f8be000 rw-p 00011000 08:01 1805282                    /usr/lib/x86_64-linux-gnu/libXext.so.6.4.0
7fe78f8be000-7fe78f912000 r-xp 00000000 08:01 133921                     /usr/lib/jvm/jdk1.8.0_66/jre/lib/amd64/libawt_xawt.so
7fe78f912000-7fe78fb12000 ---p 00054000 08:01 133921                     /usr/lib/jvm/jdk1.8.0_66/jre/lib/amd64/libawt_xawt.so
7fe78fb12000-7fe78fb16000 rw-p 00054000 08:01 133921                     /usr/lib/jvm/jdk1.8.0_66/jre/lib/amd64/libawt_xawt.so
7fe78fb16000-7fe78fb17000 rw-p 00000000 00:00 0 
7fe78fb17000-7fe78fbb9000 r-xp 00000000 08:01 133933                     /usr/lib/jvm/jdk1.8.0_66/jre/lib/amd64/libawt.so
7fe78fbb9000-7fe78fdb9000 ---p 000a2000 08:01 133933                     /usr/lib/jvm/jdk1.8.0_66/jre/lib/amd64/libawt.so
7fe78fdb9000-7fe78fdc5000 rw-p 000a2000 08:01 133933                     /usr/lib/jvm/jdk1.8.0_66/jre/lib/amd64/libawt.so
7fe78fdc5000-7fe78fde9000 rw-p 00000000 00:00 0 
7fe78fde9000-7fe78fdff000 r-xp 00000000 08:01 133920                     /usr/lib/jvm/jdk1.8.0_66/jre/lib/amd64/libnet.so
7fe78fdff000-7fe78ffff000 ---p 00016000 08:01 133920                     /usr/lib/jvm/jdk1.8.0_66/jre/lib/amd64/libnet.so
7fe78ffff000-7fe790000000 rw-p 00016000 08:01 133920                     /usr/lib/jvm/jdk1.8.0_66/jre/lib/amd64/libnet.so
7fe790000000-7fe790021000 rw-p 00000000 00:00 0 
7fe790021000-7fe794000000 ---p 00000000 00:00 0 
7fe794000000-7fe794001000 r--s 00000000 08:01 327790                     /var/cache/fontconfig/b9d506c9ac06c20b433354fa67a72993-le64.cache-4
7fe794001000-7fe794007000 r--s 00000000 08:01 327789                     /var/cache/fontconfig/b47c4e1ecd0709278f4910c18777a504-le64.cache-4
7fe794007000-7fe79400a000 r--s 00000000 08:01 328314                     /var/cache/fontconfig/e13b20fdb08344e0e664864cc2ede53d-le64.cache-4
7fe79400a000-7fe79400e000 r--s 00000000 08:01 328451                     /var/cache/fontconfig/7ef2298fde41cc6eeb7af42e48b7d293-le64.cache-4
7fe7940be000-7fe7940bf000 r-xp 00000000 08:05 11292709                   /home/jubaka/dev/idea-IU-143.1821.5/bin/libbreakgen64.so
7fe7940bf000-7fe7942be000 ---p 00001000 08:05 11292709                   /home/jubaka/dev/idea-IU-143.1821.5/bin/libbreakgen64.so
7fe7942be000-7fe7942bf000 r--p 00000000 08:05 11292709                   /home/jubaka/dev/idea-IU-143.1821.5/bin/libbreakgen64.so
7fe7942bf000-7fe7942c0000 rw-p 00001000 08:05 11292709                   /home/jubaka/dev/idea-IU-143.1821.5/bin/libbreakgen64.so
7fe7942c0000-7fe798000000 rw-p 00000000 00:00 0 
7fe798000000-7fe798021000 rw-p 00000000 00:00 0 
7fe798021000-7fe79c000000 ---p 00000000 00:00 0 
7fe79c000000-7fe79c001000 r--s 00000000 08:01 327765                     /var/cache/fontconfig/0c9eb80ebd1c36541ebe2852d3bb0c49-le64.cache-4
7fe79c001000-7fe79c002000 r--s 00000000 08:01 327779                     /var/cache/fontconfig/62f91419b9ebdb6975e7e41ab6412357-le64.cache-4
7fe79c00c000-7fe79c028000 r--s 00393000 08:01 190138                     /usr/lib/jvm/jdk1.8.0_66/jre/lib/ext/cldrdata.jar
7fe79c028000-7fe79c032000 r--s 00116000 08:01 190136                     /usr/lib/jvm/jdk1.8.0_66/jre/lib/ext/localedata.jar
7fe79c034000-7fe79c036000 rw-p 00000000 00:00 0 
7fe79c036000-7fe79c039000 ---p 00000000 00:00 0 
7fe79c039000-7fe79c0a0000 rw-p 00000000 00:00 0 
7fe79c0a0000-7fe79c0a3000 ---p 00000000 00:00 0 
7fe79c0a3000-7fe79c1a1000 rw-p 00000000 00:00 0                          [stack:20094]
7fe79c1a1000-7fe79c1a3000 r--s 0001e000 08:05 11563466                   /home/jubaka/dev/idea-IU-143.1821.5/lib/idea_rt.jar
7fe79c1a3000-7fe79c1a5000 r--s 00009000 08:01 942157                     /root/.m2/repository/org/slf4j/slf4j-api/1.7.21/slf4j-api-1.7.21.jar
7fe79c1a5000-7fe79c1a9000 r--s 00112000 08:01 942156                     /root/.m2/repository/net/java/dev/jna/jna/4.2.2/jna-4.2.2.jar
7fe79c1a9000-7fe79c1bf000 r--s 001b0000 08:01 942159                     /root/.m2/repository/net/java/dev/jna/jna-platform/4.2.2/jna-platform-4.2.2.jar
7fe79c1bf000-7fe79c1c5000 r--s 00041000 08:01 936287                     /root/.m2/repository/com/github/dblock/oshi-core/3.2/oshi-core-3.2.jar
7fe79c1c5000-7fe79c1c7000 r--s 0000e000 08:01 894027                     /root/.m2/repository/javax/activation/activation/1.1/activation-1.1.jar
7fe79c1c7000-7fe79c1cf000 r--s 00078000 08:01 942766                     /root/.m2/repository/com/sun/mail/javax.mail/1.5.0/javax.mail-1.5.0.jar
7fe79c1cf000-7fe79c203000 r--s 001a4000 08:01 942765                     /root/.m2/repository/javax/javaee-api/7.0/javaee-api-7.0.jar
7fe79c203000-7fe79c22f000 r--s 00318000 08:01 909402                     /root/.m2/repository/org/primefaces/primefaces/5.3/primefaces-5.3.jar
7fe79c22f000-7fe79c235000 r--s 0004b000 08:01 911286                     /root/.m2/repository/org/jfree/jcommon/1.0.23/jcommon-1.0.23.jar
7fe79c235000-7fe79c246000 r--s 0016e000 08:01 911284                     /root/.m2/repository/org/jfree/jfreechart/1.0.19/jfreechart-1.0.19.jar
7fe79c246000-7fe79c24f000 r--s 000e2000 08:01 901246                     /root/.m2/repository/mysql/mysql-connector-java/5.1.34/mysql-connector-java-5.1.34.jar
7fe79c24f000-7fe79c250000 r--s 00000000 08:01 901233                     /root/.m2/repository/javax/inject/javax.inject/1/javax.inject-1.jar
7fe79c250000-7fe79c251000 r--s 00005000 08:01 953389                     /root/.m2/repository/javax/interceptor/javax.interceptor-api/1.2/javax.interceptor-api-1.2.jar
7fe79c251000-7fe79c253000 r--s 00010000 08:01 953388                     /root/.m2/repository/javax/el/javax.el-api/3.0.0/javax.el-api-3.0.0.jar
7fe79c253000-7fe79c257000 r--s 0000e000 08:01 953387                     /root/.m2/repository/javax/enterprise/cdi-api/1.2/cdi-api-1.2.jar
7fe79c257000-7fe79c274000 r--s 00237000 08:01 901235                     /root/.m2/repository/com/sun/faces/jsf-impl/2.2.8-01/jsf-impl-2.2.8-01.jar
7fe79c274000-7fe79c281000 r--s 0009d000 08:01 901232                     /root/.m2/repository/com/sun/faces/jsf-api/2.2.8-01/jsf-api-2.2.8-01.jar
7fe79c281000-7fe79c293000 r--s 00345000 08:01 133967                     /usr/lib/jvm/jdk1.8.0_66/jre/lib/resources.jar
7fe79c293000-7fe79c2a6000 r--s 000d5000 08:01 133953                     /usr/lib/jvm/jdk1.8.0_66/jre/lib/plugin.jar
7fe79c2a6000-7fe79c2c1000 r--s 001fe000 08:01 133964                     /usr/lib/jvm/jdk1.8.0_66/jre/lib/deploy.jar
7fe79c2c1000-7fe79c2c2000 ---p 00000000 00:00 0 
7fe79c2c2000-7fe79c3c2000 rw-p 00000000 00:00 0                          [stack:20093]
7fe79c3c2000-7fe79c3c5000 ---p 00000000 00:00 0 
7fe79c3c5000-7fe79c4c3000 rw-p 00000000 00:00 0                          [stack:20092]
7fe79c4c3000-7fe79c4c6000 ---p 00000000 00:00 0 
7fe79c4c6000-7fe79c5c4000 rw-p 00000000 00:00 0                          [stack:20091]
7fe79c5c4000-7fe79c5c7000 ---p 00000000 00:00 0 
7fe79c5c7000-7fe79c6c5000 rw-p 00000000 00:00 0                          [stack:20090]
7fe79c6c5000-7fe79c6c8000 ---p 00000000 00:00 0 
7fe79c6c8000-7fe79c7c6000 rw-p 00000000 00:00 0                          [stack:20089]
7fe79c7c6000-7fe79c7c9000 ---p 00000000 00:00 0 
7fe79c7c9000-7fe79c8c7000 rw-p 00000000 00:00 0                          [stack:20088]
7fe79c8c7000-7fe79d187000 r--p 00000000 08:01 1804612                    /usr/lib/locale/locale-archive
7fe79d187000-7fe79d18a000 ---p 00000000 00:00 0 
7fe79d18a000-7fe79d288000 rw-p 00000000 00:00 0                          [stack:20086]
7fe79d288000-7fe79d28b000 ---p 00000000 00:00 0 
7fe79d28b000-7fe79d389000 rw-p 00000000 00:00 0                          [stack:20085]
7fe79d389000-7fe79d38a000 ---p 00000000 00:00 0 
7fe79d38a000-7fe79e41d000 rw-p 00000000 00:00 0                          [stack:20084]
7fe79e41d000-7fe79e5f6000 r--s 03d20000 08:01 133847                     /usr/lib/jvm/jdk1.8.0_66/jre/lib/rt.jar
7fe79e5f6000-7fe79f240000 rw-p 00000000 00:00 0 
7fe79f240000-7fe79f241000 ---p 00000000 00:00 0 
7fe79f241000-7fe79f341000 rw-p 00000000 00:00 0                          [stack:20078]
7fe79f341000-7fe79f342000 ---p 00000000 00:00 0 
7fe79f342000-7fe79f442000 rw-p 00000000 00:00 0                          [stack:20077]
7fe79f442000-7fe79f443000 ---p 00000000 00:00 0 
7fe79f443000-7fe79f561000 rw-p 00000000 00:00 0                          [stack:20076]
7fe79f561000-7fe79f7d1000 ---p 00000000 00:00 0 
7fe79f7d1000-7fe79f7ef000 rw-p 00000000 00:00 0 
7fe79f7ef000-7fe79fa5e000 ---p 00000000 00:00 0 
7fe79fa5e000-7fe79fa97000 rw-p 00000000 00:00 0 
7fe79fa97000-7fe79fba5000 ---p 00000000 00:00 0 
7fe79fba5000-7fe79fbf5000 rw-p 00000000 00:00 0 
7fe79fbf5000-7fe79ff66000 ---p 00000000 00:00 0 
7fe79ff66000-7fe7a1326000 rwxp 00000000 00:00 0 
7fe7a1326000-7fe7aef66000 ---p 00000000 00:00 0 
7fe7aef66000-7fe7aef80000 r-xp 00000000 08:01 133882                     /usr/lib/jvm/jdk1.8.0_66/jre/lib/amd64/libzip.so
7fe7aef80000-7fe7af180000 ---p 0001a000 08:01 133882                     /usr/lib/jvm/jdk1.8.0_66/jre/lib/amd64/libzip.so
7fe7af180000-7fe7af181000 rw-p 0001a000 08:01 133882                     /usr/lib/jvm/jdk1.8.0_66/jre/lib/amd64/libzip.so
7fe7af181000-7fe7af18c000 r-xp 00000000 08:01 950487                     /lib/x86_64-linux-gnu/libnss_files-2.19.so
7fe7af18c000-7fe7af38b000 ---p 0000b000 08:01 950487                     /lib/x86_64-linux-gnu/libnss_files-2.19.so
7fe7af38b000-7fe7af38c000 r--p 0000a000 08:01 950487                     /lib/x86_64-linux-gnu/libnss_files-2.19.so
7fe7af38c000-7fe7af38d000 rw-p 0000b000 08:01 950487                     /lib/x86_64-linux-gnu/libnss_files-2.19.so
7fe7af38d000-7fe7af398000 r-xp 00000000 08:01 950479                     /lib/x86_64-linux-gnu/libnss_nis-2.19.so
7fe7af398000-7fe7af597000 ---p 0000b000 08:01 950479                     /lib/x86_64-linux-gnu/libnss_nis-2.19.so
7fe7af597000-7fe7af598000 r--p 0000a000 08:01 950479                     /lib/x86_64-linux-gnu/libnss_nis-2.19.so
7fe7af598000-7fe7af599000 rw-p 0000b000 08:01 950479                     /lib/x86_64-linux-gnu/libnss_nis-2.19.so
7fe7af599000-7fe7af5b0000 r-xp 00000000 08:01 950475                     /lib/x86_64-linux-gnu/libnsl-2.19.so
7fe7af5b0000-7fe7af7af000 ---p 00017000 08:01 950475                     /lib/x86_64-linux-gnu/libnsl-2.19.so
7fe7af7af000-7fe7af7b0000 r--p 00016000 08:01 950475                     /lib/x86_64-linux-gnu/libnsl-2.19.so
7fe7af7b0000-7fe7af7b1000 rw-p 00017000 08:01 950475                     /lib/x86_64-linux-gnu/libnsl-2.19.so
7fe7af7b1000-7fe7af7b3000 rw-p 00000000 00:00 0 
7fe7af7b3000-7fe7af7bc000 r-xp 00000000 08:01 950474                     /lib/x86_64-linux-gnu/libnss_compat-2.19.so
7fe7af7bc000-7fe7af9bb000 ---p 00009000 08:01 950474                     /lib/x86_64-linux-gnu/libnss_compat-2.19.so
7fe7af9bb000-7fe7af9bc000 r--p 00008000 08:01 950474                     /lib/x86_64-linux-gnu/libnss_compat-2.19.so
7fe7af9bc000-7fe7af9bd000 rw-p 00009000 08:01 950474                     /lib/x86_64-linux-gnu/libnss_compat-2.19.so
7fe7af9bd000-7fe7af9e7000 r-xp 00000000 08:01 133897                     /usr/lib/jvm/jdk1.8.0_66/jre/lib/amd64/libjava.so
7fe7af9e7000-7fe7afbe7000 ---p 0002a000 08:01 133897                     /usr/lib/jvm/jdk1.8.0_66/jre/lib/amd64/libjava.so
7fe7afbe7000-7fe7afbe9000 rw-p 0002a000 08:01 133897                     /usr/lib/jvm/jdk1.8.0_66/jre/lib/amd64/libjava.so
7fe7afbe9000-7fe7afbf6000 r-xp 00000000 08:01 133906                     /usr/lib/jvm/jdk1.8.0_66/jre/lib/amd64/libverify.so
7fe7afbf6000-7fe7afdf6000 ---p 0000d000 08:01 133906                     /usr/lib/jvm/jdk1.8.0_66/jre/lib/amd64/libverify.so
7fe7afdf6000-7fe7afdf8000 rw-p 0000d000 08:01 133906                     /usr/lib/jvm/jdk1.8.0_66/jre/lib/amd64/libverify.so
7fe7afdf8000-7fe7afdff000 r-xp 00000000 08:01 950483                     /lib/x86_64-linux-gnu/librt-2.19.so
7fe7afdff000-7fe7afffe000 ---p 00007000 08:01 950483                     /lib/x86_64-linux-gnu/librt-2.19.so
7fe7afffe000-7fe7affff000 r--p 00006000 08:01 950483                     /lib/x86_64-linux-gnu/librt-2.19.so
7fe7affff000-7fe7b0000000 rw-p 00007000 08:01 950483                     /lib/x86_64-linux-gnu/librt-2.19.so
7fe7b0000000-7fe7b04de000 rw-p 00000000 00:00 0 
7fe7b04de000-7fe7b4000000 ---p 00000000 00:00 0 
7fe7b4000000-7fe7b4002000 r--s 00007000 08:01 942755                     /root/.m2/repository/javax/websocket/javax.websocket-api/1.1/javax.websocket-api-1.1.jar
7fe7b4002000-7fe7b400a000 r--s 00048000 08:01 1008482                    /root/IdeaProjects/SorsJSF/src/main/resources/lib/jnetpcap.jar
7fe7b400a000-7fe7b4059000 rw-p 00000000 00:00 0 
7fe7b4059000-7fe7b405a000 ---p 00000000 00:00 0 
7fe7b405a000-7fe7b415a000 rw-p 00000000 00:00 0                          [stack:20075]
7fe7b415a000-7fe7b425f000 r-xp 00000000 08:01 950466                     /lib/x86_64-linux-gnu/libm-2.19.so
7fe7b425f000-7fe7b445e000 ---p 00105000 08:01 950466                     /lib/x86_64-linux-gnu/libm-2.19.so
7fe7b445e000-7fe7b445f000 r--p 00104000 08:01 950466                     /lib/x86_64-linux-gnu/libm-2.19.so
7fe7b445f000-7fe7b4460000 rw-p 00105000 08:01 950466                     /lib/x86_64-linux-gnu/libm-2.19.so
7fe7b4460000-7fe7b511e000 r-xp 00000000 08:01 149732                     /usr/lib/jvm/jdk1.8.0_66/jre/lib/amd64/server/libjvm.so
7fe7b511e000-7fe7b531d000 ---p 00cbe000 08:01 149732                     /usr/lib/jvm/jdk1.8.0_66/jre/lib/amd64/server/libjvm.so
7fe7b531d000-7fe7b53f6000 rw-p 00cbd000 08:01 149732                     /usr/lib/jvm/jdk1.8.0_66/jre/lib/amd64/server/libjvm.so
7fe7b53f6000-7fe7b543a000 rw-p 00000000 00:00 0 
7fe7b543a000-7fe7b55f5000 r-xp 00000000 08:01 950484                     /lib/x86_64-linux-gnu/libc-2.19.so
7fe7b55f5000-7fe7b57f4000 ---p 001bb000 08:01 950484                     /lib/x86_64-linux-gnu/libc-2.19.so
7fe7b57f4000-7fe7b57f8000 r--p 001ba000 08:01 950484                     /lib/x86_64-linux-gnu/libc-2.19.so
7fe7b57f8000-7fe7b57fa000 rw-p 001be000 08:01 950484                     /lib/x86_64-linux-gnu/libc-2.19.so
7fe7b57fa000-7fe7b57ff000 rw-p 00000000 00:00 0 
7fe7b57ff000-7fe7b5802000 r-xp 00000000 08:01 950471                     /lib/x86_64-linux-gnu/libdl-2.19.so
7fe7b5802000-7fe7b5a01000 ---p 00003000 08:01 950471                     /lib/x86_64-linux-gnu/libdl-2.19.so
7fe7b5a01000-7fe7b5a02000 r--p 00002000 08:01 950471                     /lib/x86_64-linux-gnu/libdl-2.19.so
7fe7b5a02000-7fe7b5a03000 rw-p 00003000 08:01 950471                     /lib/x86_64-linux-gnu/libdl-2.19.so
7fe7b5a03000-7fe7b5a18000 r-xp 00000000 08:01 190160                     /usr/lib/jvm/jdk1.8.0_66/lib/amd64/jli/libjli.so
7fe7b5a18000-7fe7b5c18000 ---p 00015000 08:01 190160                     /usr/lib/jvm/jdk1.8.0_66/lib/amd64/jli/libjli.so
7fe7b5c18000-7fe7b5c19000 rw-p 00015000 08:01 190160                     /usr/lib/jvm/jdk1.8.0_66/lib/amd64/jli/libjli.so
7fe7b5c19000-7fe7b5c32000 r-xp 00000000 08:01 950476                     /lib/x86_64-linux-gnu/libpthread-2.19.so
7fe7b5c32000-7fe7b5e31000 ---p 00019000 08:01 950476                     /lib/x86_64-linux-gnu/libpthread-2.19.so
7fe7b5e31000-7fe7b5e32000 r--p 00018000 08:01 950476                     /lib/x86_64-linux-gnu/libpthread-2.19.so
7fe7b5e32000-7fe7b5e33000 rw-p 00019000 08:01 950476                     /lib/x86_64-linux-gnu/libpthread-2.19.so
7fe7b5e33000-7fe7b5e37000 rw-p 00000000 00:00 0 
7fe7b5e37000-7fe7b5e5a000 r-xp 00000000 08:01 950477                     /lib/x86_64-linux-gnu/ld-2.19.so
7fe7b5e5a000-7fe7b5e5d000 r--s 00015000 08:01 901227                     /root/.m2/repository/javax/servlet/javax.servlet-api/3.1.0/javax.servlet-api-3.1.0.jar
7fe7b5e5d000-7fe7b5e5e000 r--s 00000000 08:01 133961                     /usr/lib/jvm/jdk1.8.0_66/jre/lib/management-agent.jar
7fe7b5e5e000-7fe7b5e63000 r--s 00096000 08:01 133942                     /usr/lib/jvm/jdk1.8.0_66/jre/lib/jsse.jar
7fe7b5e63000-7fe7b5e65000 r--s 00007000 08:01 133968                     /usr/lib/jvm/jdk1.8.0_66/jre/lib/jfxswt.jar
7fe7b5e65000-7fe7b5e6a000 r--s 00083000 08:01 133960                     /usr/lib/jvm/jdk1.8.0_66/jre/lib/jfr.jar
7fe7b5e6a000-7fe7b5f35000 rw-p 00000000 00:00 0 
7fe7b5f35000-7fe7b5f38000 ---p 00000000 00:00 0 
7fe7b5f38000-7fe7b603a000 rw-p 00000000 00:00 0                          [stack:20074]
7fe7b603a000-7fe7b603d000 r--s 0001a000 08:01 133970                     /usr/lib/jvm/jdk1.8.0_66/jre/lib/jce.jar
7fe7b603d000-7fe7b6047000 r--s 0006b000 08:01 133962                     /usr/lib/jvm/jdk1.8.0_66/jre/lib/javaws.jar
7fe7b6047000-7fe7b604d000 r--s 002f8000 08:01 133865                     /usr/lib/jvm/jdk1.8.0_66/jre/lib/charsets.jar
7fe7b604d000-7fe7b6055000 rw-s 00000000 08:01 1032261                    /tmp/hsperfdata_root/20072
7fe7b6055000-7fe7b6056000 rw-p 00000000 00:00 0 
7fe7b6056000-7fe7b6057000 r--p 00000000 00:00 0 
7fe7b6057000-7fe7b6059000 rw-p 00000000 00:00 0 
7fe7b6059000-7fe7b605a000 r--p 00022000 08:01 950477                     /lib/x86_64-linux-gnu/ld-2.19.so
7fe7b605a000-7fe7b605b000 rw-p 00023000 08:01 950477                     /lib/x86_64-linux-gnu/ld-2.19.so
7fe7b605b000-7fe7b605c000 rw-p 00000000 00:00 0 
7ffd841ca000-7ffd841ec000 rw-p 00000000 00:00 0                          [stack]
7ffd841f7000-7ffd841f9000 r--p 00000000 00:00 0                          [vvar]
7ffd841f9000-7ffd841fb000 r-xp 00000000 00:00 0                          [vdso]
ffffffffff600000-ffffffffff601000 r-xp 00000000 00:00 0                  [vsyscall]

VM Arguments:
jvm_args: -Djava.library.path=/root/IdeaProjects/SorsJSF/src/main/resources/lib -Didea.launcher.port=7532 -Didea.launcher.bin.path=/home/jubaka/dev/idea-IU-143.1821.5/bin -Dfile.encoding=UTF-8 
java_command: com.intellij.rt.execution.application.AppMain com.jubaka.sors.desktop.tcpAnalyse.MainWin
java_class_path (initial): /usr/lib/jvm/jdk1.8.0_66/jre/lib/charsets.jar:/usr/lib/jvm/jdk1.8.0_66/jre/lib/deploy.jar:/usr/lib/jvm/jdk1.8.0_66/jre/lib/ext/cldrdata.jar:/usr/lib/jvm/jdk1.8.0_66/jre/lib/ext/dnsns.jar:/usr/lib/jvm/jdk1.8.0_66/jre/lib/ext/jaccess.jar:/usr/lib/jvm/jdk1.8.0_66/jre/lib/ext/jfxrt.jar:/usr/lib/jvm/jdk1.8.0_66/jre/lib/ext/localedata.jar:/usr/lib/jvm/jdk1.8.0_66/jre/lib/ext/nashorn.jar:/usr/lib/jvm/jdk1.8.0_66/jre/lib/ext/sunec.jar:/usr/lib/jvm/jdk1.8.0_66/jre/lib/ext/sunjce_provider.jar:/usr/lib/jvm/jdk1.8.0_66/jre/lib/ext/sunpkcs11.jar:/usr/lib/jvm/jdk1.8.0_66/jre/lib/ext/zipfs.jar:/usr/lib/jvm/jdk1.8.0_66/jre/lib/javaws.jar:/usr/lib/jvm/jdk1.8.0_66/jre/lib/jce.jar:/usr/lib/jvm/jdk1.8.0_66/jre/lib/jfr.jar:/usr/lib/jvm/jdk1.8.0_66/jre/lib/jfxswt.jar:/usr/lib/jvm/jdk1.8.0_66/jre/lib/jsse.jar:/usr/lib/jvm/jdk1.8.0_66/jre/lib/management-agent.jar:/usr/lib/jvm/jdk1.8.0_66/jre/lib/plugin.jar:/usr/lib/jvm/jdk1.8.0_66/jre/lib/resources.jar:/usr/lib/jvm/jdk1.8.0_66/jre/lib/rt.jar:/root/IdeaProjects/SorsJSF/target/classes:/root/IdeaProjects/SorsJSF/src/main/resources/lib/jnetpcap.jar:/root/.m2/repository/javax/servlet/javax.servlet-api/3.1.0/javax.servlet-api-3.1.0.jar:/root/.m2/repository/com/sun/faces/jsf-api/2.2.8-01/jsf-api-2.2.8-01.jar:/root/.m2/repository/com/sun/faces/jsf-impl/2.2.8-01/jsf-impl-2.2.8-01.jar:/root/.m2/repository/javax/websocket/javax.websocket-api/1.1/javax.websocket-api-1.1.jar:/root/.m2/repository/javax/enterprise/cdi-api/1.2/cdi-api-1.2.jar:/root/.m2/repository/javax/el/javax.el-api/3.0.0/javax.el-api-3.0.0.jar:/root/.m2/repository/javax/interceptor/javax.interceptor-api/1.2/javax.interceptor-api-1.2.jar:/root/.m2/repository/javax/inject/javax.inject/1/javax.inject-1.jar:/root/.m2/repository/mysql/mysql-connector-java/5.1.34/mysql-connector-java-5.1.34.jar:/root/.m2/repository/org/jfree/jfreechart/1.0.19/jfreechart-1.0.19.jar:/root/.m2/repository/org/jfree/jcommon/1.0.23/jcommon-1.0.23.jar:/root/.m2/repository/org/primefaces
Launcher Type: SUN_STANDARD

Environment Variables:
PATH=/usr/local/sbin:/usr/local/bin:/usr/sbin:/usr/bin:/sbin:/bin:/usr/games:/usr/local/games
USERNAME=jubaka
LD_LIBRARY_PATH=.:
SHELL=/bin/bash
DISPLAY=:0

Signal Handlers:
SIGSEGV: [libjvm.so+0xaba2a0], sa_mask[0]=11111111011111111101111111111110, sa_flags=SA_RESTART|SA_SIGINFO
SIGBUS: [libjvm.so+0xaba2a0], sa_mask[0]=11111111011111111101111111111110, sa_flags=SA_RESTART|SA_SIGINFO
SIGFPE: [libjvm.so+0x917710], sa_mask[0]=11111111011111111101111111111110, sa_flags=SA_RESTART|SA_SIGINFO
SIGPIPE: [libjvm.so+0x917710], sa_mask[0]=11111111011111111101111111111110, sa_flags=SA_RESTART|SA_SIGINFO
SIGXFSZ: [libjvm.so+0x917710], sa_mask[0]=11111111011111111101111111111110, sa_flags=SA_RESTART|SA_SIGINFO
SIGILL: [libjvm.so+0x917710], sa_mask[0]=11111111011111111101111111111110, sa_flags=SA_RESTART|SA_SIGINFO
SIGUSR1: SIG_DFL, sa_mask[0]=00000000000000000000000000000000, sa_flags=none
SIGUSR2: [libjvm.so+0x918d40], sa_mask[0]=00100000000000000000000000000000, sa_flags=SA_RESTART|SA_SIGINFO
SIGHUP: [libjvm.so+0x91a140], sa_mask[0]=11111111011111111101111111111110, sa_flags=SA_RESTART|SA_SIGINFO
SIGINT: [libjvm.so+0x91a140], sa_mask[0]=11111111011111111101111111111110, sa_flags=SA_RESTART|SA_SIGINFO
SIGTERM: [libjvm.so+0x91a140], sa_mask[0]=11111111011111111101111111111110, sa_flags=SA_RESTART|SA_SIGINFO
SIGQUIT: [libjvm.so+0x91a140], sa_mask[0]=11111111011111111101111111111110, sa_flags=SA_RESTART|SA_SIGINFO


---------------  S Y S T E M  ---------------

OS:DISTRIB_ID=Ubuntu
DISTRIB_RELEASE=14.04
DISTRIB_CODENAME=trusty
DISTRIB_DESCRIPTION="Ubuntu 14.04.4 LTS"

uname:Linux 3.19.0-58-generic #64~14.04.1-Ubuntu SMP Fri Mar 18 19:05:43 UTC 2016 x86_64
libc:glibc 2.19 NPTL 2.19 
rlimit: STACK 8192k, CORE 0k, NPROC 31275, NOFILE 4096, AS infinity
load average:2,87 1,39 1,05

/proc/meminfo:
MemTotal:        8027844 kB
MemFree:         1349436 kB
MemAvailable:    3413848 kB
Buffers:          172652 kB
Cached:          2124408 kB
SwapCached:            0 kB
Active:          5059164 kB
Inactive:        1210524 kB
Active(anon):    3973968 kB
Inactive(anon):   136120 kB
Active(file):    1085196 kB
Inactive(file):  1074404 kB
Unevictable:         124 kB
Mlocked:             124 kB
SwapTotal:             0 kB
SwapFree:              0 kB
Dirty:              3380 kB
Writeback:             0 kB
AnonPages:       3972824 kB
Mapped:           582904 kB
Shmem:            137468 kB
Slab:             194432 kB
SReclaimable:     147496 kB
SUnreclaim:        46936 kB
KernelStack:       16096 kB
PageTables:        51416 kB
NFS_Unstable:          0 kB
Bounce:                0 kB
WritebackTmp:          0 kB
CommitLimit:     4013920 kB
Committed_AS:   10105580 kB
VmallocTotal:   34359738367 kB
VmallocUsed:      300864 kB
VmallocChunk:   34359434328 kB
HardwareCorrupted:     0 kB
AnonHugePages:   1652736 kB
CmaTotal:              0 kB
CmaFree:               0 kB
HugePages_Total:       0
HugePages_Free:        0
HugePages_Rsvd:        0
HugePages_Surp:        0
Hugepagesize:       2048 kB
DirectMap4k:      405312 kB
DirectMap2M:     7835648 kB


CPU:total 4 (2 cores per cpu, 2 threads per core) family 6 model 37 stepping 5, cmov, cx8, fxsr, mmx, sse, sse2, sse3, ssse3, sse4.1, sse4.2, popcnt, ht, tsc, tscinvbit

/proc/cpuinfo:
processor	: 0
vendor_id	: GenuineIntel
cpu family	: 6
model		: 37
model name	: Intel(R) Core(TM) i3 CPU       M 370  @ 2.40GHz
stepping	: 5
microcode	: 0x5
cpu MHz		: 2399.000
cache size	: 3072 KB
physical id	: 0
siblings	: 4
core id		: 0
cpu cores	: 2
apicid		: 0
initial apicid	: 0
fpu		: yes
fpu_exception	: yes
cpuid level	: 11
wp		: yes
flags		: fpu vme de pse tsc msr pae mce cx8 apic sep mtrr pge mca cmov pat pse36 clflush dts acpi mmx fxsr sse sse2 ss ht tm pbe syscall nx rdtscp lm constant_tsc arch_perfmon pebs bts rep_good nopl xtopology nonstop_tsc aperfmperf pni dtes64 monitor ds_cpl vmx est tm2 ssse3 cx16 xtpr pdcm pcid sse4_1 sse4_2 popcnt lahf_lm arat dtherm tpr_shadow vnmi flexpriority ept vpid
bugs		:
bogomips	: 4788.23
clflush size	: 64
cache_alignment	: 64
address sizes	: 36 bits physical, 48 bits virtual
power management:

processor	: 1
vendor_id	: GenuineIntel
cpu family	: 6
model		: 37
model name	: Intel(R) Core(TM) i3 CPU       M 370  @ 2.40GHz
stepping	: 5
microcode	: 0x5
cpu MHz		: 2399.000
cache size	: 3072 KB
physical id	: 0
siblings	: 4
core id		: 0
cpu cores	: 2
apicid		: 1
initial apicid	: 1
fpu		: yes
fpu_exception	: yes
cpuid level	: 11
wp		: yes
flags		: fpu vme de pse tsc msr pae mce cx8 apic sep mtrr pge mca cmov pat pse36 clflush dts acpi mmx fxsr sse sse2 ss ht tm pbe syscall nx rdtscp lm constant_tsc arch_perfmon pebs bts rep_good nopl xtopology nonstop_tsc aperfmperf pni dtes64 monitor ds_cpl vmx est tm2 ssse3 cx16 xtpr pdcm pcid sse4_1 sse4_2 popcnt lahf_lm arat dtherm tpr_shadow vnmi flexpriority ept vpid
bugs		:
bogomips	: 4788.23
clflush size	: 64
cache_alignment	: 64
address sizes	: 36 bits physical, 48 bits virtual
power management:

processor	: 2
vendor_id	: GenuineIntel
cpu family	: 6
model		: 37
model name	: Intel(R) Core(TM) i3 CPU       M 370  @ 2.40GHz
stepping	: 5
microcode	: 0x5
cpu MHz		: 1733.000
cache size	: 3072 KB
physical id	: 0
siblings	: 4
core id		: 2
cpu cores	: 2
apicid		: 4
initial apicid	: 4
fpu		: yes
fpu_exception	: yes
cpuid level	: 11
wp		: yes
flags		: fpu vme de pse tsc msr pae mce cx8 apic sep mtrr pge mca cmov pat pse36 clflush dts acpi mmx fxsr sse sse2 ss ht tm pbe syscall nx rdtscp lm constant_tsc arch_perfmon pebs bts rep_good nopl xtopology nonstop_tsc aperfmperf pni dtes64 monitor ds_cpl vmx est tm2 ssse3 cx16 xtpr pdcm pcid sse4_1 sse4_2 popcnt lahf_lm arat dtherm tpr_shadow vnmi flexpriority ept vpid
bugs		:
bogomips	: 4788.23
clflush size	: 64
cache_alignment	: 64
address sizes	: 36 bits physical, 48 bits virtual
power management:

processor	: 3
vendor_id	: GenuineIntel
cpu family	: 6
model		: 37
model name	: Intel(R) Core(TM) i3 CPU       M 370  @ 2.40GHz
stepping	: 5
microcode	: 0x5
cpu MHz		: 2399.000
cache size	: 3072 KB
physical id	: 0
siblings	: 4
core id		: 2
cpu cores	: 2
apicid		: 5
initial apicid	: 5
fpu		: yes
fpu_exception	: yes
cpuid level	: 11
wp		: yes
flags		: fpu vme de pse tsc msr pae mce cx8 apic sep mtrr pge mca cmov pat pse36 clflush dts acpi mmx fxsr sse sse2 ss ht tm pbe syscall nx rdtscp lm constant_tsc arch_perfmon pebs bts rep_good nopl xtopology nonstop_tsc aperfmperf pni dtes64 monitor ds_cpl vmx est tm2 ssse3 cx16 xtpr pdcm pcid sse4_1 sse4_2 popcnt lahf_lm arat dtherm tpr_shadow vnmi flexpriority ept vpid
bugs		:
bogomips	: 4788.23
clflush size	: 64
cache_alignment	: 64
address sizes	: 36 bits physical, 48 bits virtual
power management:



Memory: 4k page, physical 8027844k(1349436k free), swap 0k(0k free)

vm_info: Java HotSpot(TM) 64-Bit Server VM (25.66-b17) for linux-amd64 JRE (1.8.0_66-b17), built on Oct  6 2015 17:28:34 by "java_re" with gcc 4.3.0 20080428 (Red Hat 4.3.0-8)

time: Tue Nov 22 19:14:51 2016
elapsed time: 2048 seconds (0d 0h 34m 8s)

